<?xml version="1.0" encoding="UTF-8"?>
<!-- Generated by org.testng.reporters.JUnitReportReporter -->
<testsuite hostname="Eason-PC" name="test.HelloworldWebdriverTestNG" tests="1" failures="0" timestamp="16 Apr 2015 07:44:50 GMT" time="38.084" errors="0">
  <testcase name="testOne" time="38.084" classname="test.HelloworldWebdriverTestNG"/>
</testsuite> <!-- test.HelloworldWebdriverTestNG -->
