<?xml version="1.0" encoding="UTF-8"?>
<!-- Generated by org.testng.reporters.JUnitReportReporter -->
<testsuite hostname="Eason-PC" name="test.HelloworldWebdriverTestNG" tests="1" failures="0" timestamp="18 Apr 2015 13:17:00 GMT" time="26.034" errors="0">
  <testcase name="testOne" time="26.034" classname="test.HelloworldWebdriverTestNG"/>
</testsuite> <!-- test.HelloworldWebdriverTestNG -->
