<?xml version="1.0" encoding="UTF-8"?>
<!-- Generated by org.testng.reporters.JUnitReportReporter -->
<testsuite hostname="Eason-PC" name="test.HelloworldWebdriverTestNG" tests="1" failures="0" timestamp="15 Apr 2015 14:08:34 GMT" time="48.611" errors="0">
  <testcase name="testOne" time="48.611" classname="test.HelloworldWebdriverTestNG"/>
</testsuite> <!-- test.HelloworldWebdriverTestNG -->
